Connecting to database specified by database.yml
Compiled jquery.js  (25ms)  (pid 10162)
Compiled jquery_ujs.js  (1ms)  (pid 10162)
Compiled bootstrap-transition.js  (2ms)  (pid 10162)
Compiled bootstrap-affix.js  (2ms)  (pid 10162)
Compiled bootstrap-alert.js  (3ms)  (pid 10162)
Compiled bootstrap-button.js  (4ms)  (pid 10162)
Compiled bootstrap-carousel.js  (3ms)  (pid 10162)
Compiled bootstrap-collapse.js  (2ms)  (pid 10162)
Compiled bootstrap-dropdown.js  (3ms)  (pid 10162)
Compiled bootstrap-modal.js  (2ms)  (pid 10162)
Compiled bootstrap-scrollspy.js  (2ms)  (pid 10162)
Compiled bootstrap-tab.js  (2ms)  (pid 10162)
Compiled bootstrap-tooltip.js  (3ms)  (pid 10162)
Compiled bootstrap-popover.js  (2ms)  (pid 10162)
Compiled bootstrap-typeahead.js  (3ms)  (pid 10162)
Compiled bootstrap.js  (725ms)  (pid 10162)
Compiled application.js  (1069ms)  (pid 10162)
Compiled theme.css  (0ms)  (pid 10162)
Compiled calendar-theme.css  (0ms)  (pid 10162)
Compiled bootstrap-rtl.min.css  (0ms)  (pid 10162)
Compiled bootstrap-responsive-rtl.min.css  (0ms)  (pid 10162)
Compiled rtl.css  (0ms)  (pid 10162)
Compiled application.css  (198ms)  (pid 10162)
Connecting to database specified by database.yml
Compiled jquery.js  (10ms)  (pid 10162)
Compiled jquery_ujs.js  (0ms)  (pid 10162)
Compiled bootstrap-transition.js  (0ms)  (pid 10162)
Compiled bootstrap-affix.js  (0ms)  (pid 10162)
Compiled bootstrap-alert.js  (0ms)  (pid 10162)
Compiled bootstrap-button.js  (0ms)  (pid 10162)
Compiled bootstrap-carousel.js  (0ms)  (pid 10162)
Compiled bootstrap-collapse.js  (0ms)  (pid 10162)
Compiled bootstrap-dropdown.js  (1ms)  (pid 10162)
Compiled bootstrap-modal.js  (0ms)  (pid 10162)
Compiled bootstrap-scrollspy.js  (0ms)  (pid 10162)
Compiled bootstrap-tab.js  (0ms)  (pid 10162)
Compiled bootstrap-tooltip.js  (0ms)  (pid 10162)
Compiled bootstrap-popover.js  (0ms)  (pid 10162)
Compiled bootstrap-typeahead.js  (0ms)  (pid 10162)
Compiled bootstrap.js  (239ms)  (pid 10162)
Compiled application.js  (285ms)  (pid 10162)
Compiled theme.css  (0ms)  (pid 10162)
Compiled calendar-theme.css  (0ms)  (pid 10162)
Compiled bootstrap-rtl.min.css  (0ms)  (pid 10162)
Compiled bootstrap-responsive-rtl.min.css  (0ms)  (pid 10162)
Compiled rtl.css  (0ms)  (pid 10162)
Compiled application.css  (74ms)  (pid 10162)
